<?xml version="1.0" encoding="UTF-8"?>
<!-- Generated by org.testng.reporters.JUnitXMLReporter -->
<testsuite ignored="2" hostname="DESKTOP-3BDQ997" failures="1" tests="2" name="Test" time="8.675" errors="0" timestamp="2025-03-05T14:16:36 IST">
  <testcase classname="testCases.Tc_001_AccountRegistrationTest" name="verify_account_registration" time="3.106"/>
  <testcase classname="testCases.Tc_002_LogInTest" name="verify_Login" time="0.003">
    <failure type="java.lang.NullPointerException" message="Cannot invoke &amp;quot;org.apache.logging.log4j.Logger.error(String, java.lang.Throwable)&amp;quot; because &amp;quot;this.logger&amp;quot; is null">
      <![CDATA[java.lang.NullPointerException: Cannot invoke "org.apache.logging.log4j.Logger.error(String, java.lang.Throwable)" because "this.logger" is null
at testCases.Tc_002_LogInTest.verify_Login(Tc_002_LogInTest.java:47)
at java.base/java.util.ArrayList.forEach(ArrayList.java:1597)
... Removed 25 stack frames]]>
    </failure>
  </testcase> <!-- verify_Login -->
  <testcase classname="testBase.BaseClass" name="@BeforeTest setUp" time="0.0">
    <ignored/>
  </testcase> <!-- @BeforeTest setUp -->
  <testcase classname="testBase.BaseClass" name="@AfterTest tearDown" time="0.0">
    <ignored/>
  </testcase> <!-- @AfterTest tearDown -->
</testsuite> <!-- Test -->
